<?xml version="1.0" encoding="UTF-8"?>
<!-- Generated by org.testng.reporters.JUnitXMLReporter -->
<testsuite ignored="0" hostname="DESKTOP-07J22P1" failures="0" tests="3" name="Default test" time="1161.351" errors="0" timestamp="2024-05-20T20:57:35 IST">
  <testcase classname="practiceComCast.createOrganizationsTest" name="createOrganizationTest" time="355.499"/>
  <testcase classname="practiceComCast.createOrganizationsTest" name="createOrganizationWithDropDownTest" time="117.939"/>
  <testcase classname="practiceComCast.createOrganizationsTest" name="createOrganizationWithPhoneNoTest" time="229.186"/>
</testsuite> <!-- Default test -->
