<?xml version="1.0" encoding="UTF-8"?>
<!-- Generated by org.testng.reporters.JUnitXMLReporter -->
<testsuite ignored="0" hostname="DESKTOP-07J22P1" failures="0" tests="3" name="Default test" time="197.474" errors="0" timestamp="2024-05-23T23:41:16 IST">
  <testcase classname="practiceComCast.createContactsTest" name="createContactTest" time="40.69"/>
  <testcase classname="practiceComCast.createContactsTest" name="createContactWithStartDate" time="34.671"/>
  <testcase classname="practiceComCast.createContactsTest" name="createContactsWithOrganizationTest" time="71.014"/>
</testsuite> <!-- Default test -->
