<?xml version="1.0" encoding="UTF-8"?>
<!-- Generated by org.testng.reporters.JUnitXMLReporter -->
<testsuite ignored="0" hostname="DESKTOP-07J22P1" failures="0" tests="3" name="TestRunner-Chrome" time="34.018" errors="0" timestamp="2024-05-21T22:15:56 IST">
  <testcase classname="practiceComCast.createContactsTest" name="createContactTest" time="0.0">
    <skipped/>
  </testcase> <!-- createContactTest -->
  <testcase classname="practiceComCast.createContactsTest" name="createContactWithStartDate" time="0.001">
    <skipped/>
  </testcase> <!-- createContactWithStartDate -->
  <testcase classname="practiceComCast.createContactsTest" name="createContactsWithOrganizationTest" time="0.0">
    <skipped/>
  </testcase> <!-- createContactsWithOrganizationTest -->
</testsuite> <!-- TestRunner-Chrome -->
