<?xml version="1.0" encoding="UTF-8"?>
<!-- Generated by org.testng.reporters.JUnitXMLReporter -->
<testsuite ignored="0" hostname="DESKTOP-07J22P1" failures="0" tests="4" name="Test" time="0.381" errors="0" timestamp="2024-05-23T23:44:11 IST">
  <testcase classname="pack2.CreateOrgTest" name="createOrgTest" time="0.032"/>
  <testcase classname="pack2.CreateOrgTest" name="modifyOrgTest" time="0.007"/>
  <testcase classname="pack1.ConcastTest" name="createContactTest" time="0.007"/>
  <testcase classname="pack1.ConcastTest" name="modifyContactTest" time="0.018"/>
</testsuite> <!-- Test -->
