<?xml version="1.0" encoding="UTF-8"?>
<!-- Generated by org.testng.reporters.JUnitXMLReporter -->
<testsuite ignored="1" hostname="DESKTOP-07J22P1" failures="1" tests="1" name="Default test(failed)" time="43.72" errors="0" timestamp="2024-05-17T10:59:22 IST">
  <testcase classname="practice.testng.ActivateSim" name="activatesim" time="0.283">
    <failure type="java.lang.AssertionError" message="expected [Login Page] but found [actualTitle]">
      <![CDATA[java.lang.AssertionError: expected [Login Page] but found [actualTitle]
at practice.testng.ActivateSim.activatesim(ActivateSim.java:13)
at java.base/java.util.ArrayList.forEach(ArrayList.java:1511)
... Removed 33 stack frames]]>
    </failure>
  </testcase> <!-- activatesim -->
  <testcase classname="practice.testng.ActivateSim" name="activatesimTest" time="0.0">
    <ignored/>
  </testcase> <!-- activatesimTest -->
</testsuite> <!-- Default test(failed) -->
