<?xml version="1.0" encoding="UTF-8"?>
<testng-results ignored="0" total="4" passed="4" failed="0" skipped="0">
  <reporter-output>
  </reporter-output>
  <suite started-at="2024-05-23T23:44:10 IST" name="Suite" finished-at="2024-05-23T23:44:11 IST" duration-ms="381">
    <groups>
    </groups>
    <test started-at="2024-05-23T23:44:10 IST" name="Test" finished-at="2024-05-23T23:44:11 IST" duration-ms="381">
      <class name="pack2.CreateOrgTest">
        <test-method signature="createOrgTest()[pri:0, instance:pack2.CreateOrgTest@4218d6a3]" started-at="2024-05-23T23:44:11 IST" name="createOrgTest" finished-at="2024-05-23T23:44:11 IST" duration-ms="32" status="PASS">
          <reporter-output>
          </reporter-output>
        </test-method> <!-- createOrgTest -->
        <test-method signature="modifyOrgTest()[pri:0, instance:pack2.CreateOrgTest@4218d6a3]" started-at="2024-05-23T23:44:11 IST" name="modifyOrgTest" finished-at="2024-05-23T23:44:11 IST" duration-ms="7" status="PASS">
          <reporter-output>
          </reporter-output>
        </test-method> <!-- modifyOrgTest -->
      </class> <!-- pack2.CreateOrgTest -->
      <class name="pack1.ConcastTest">
        <test-method signature="createContactTest()[pri:0, instance:pack1.ConcastTest@3e694b3f]" started-at="2024-05-23T23:44:11 IST" name="createContactTest" finished-at="2024-05-23T23:44:11 IST" duration-ms="7" status="PASS">
          <reporter-output>
          </reporter-output>
        </test-method> <!-- createContactTest -->
        <test-method signature="modifyContactTest()[pri:0, instance:pack1.ConcastTest@3e694b3f]" started-at="2024-05-23T23:44:11 IST" name="modifyContactTest" finished-at="2024-05-23T23:44:11 IST" duration-ms="18" status="PASS">
          <reporter-output>
          </reporter-output>
        </test-method> <!-- modifyContactTest -->
      </class> <!-- pack1.ConcastTest -->
    </test> <!-- Test -->
  </suite> <!-- Suite -->
</testng-results>
