<?xml version="1.0" encoding="UTF-8"?>
<testng-results ignored="0" total="1" passed="1" failed="0" skipped="0">
  <reporter-output>
  </reporter-output>
  <suite started-at="2024-05-22T21:17:42 IST" name="Default suite" finished-at="2024-05-22T21:18:16 IST" duration-ms="34152">
    <groups>
      <group name="smokeTest">
        <method signature="CreateContactTest.createContactTest()[pri:0, instance:com.comcast.crm.contacttest.CreateContactTest@682b2fa]" name="createContactTest" class="com.comcast.crm.contacttest.CreateContactTest"/>
      </group> <!-- smokeTest -->
    </groups>
    <test started-at="2024-05-22T21:17:42 IST" name="Default test" finished-at="2024-05-22T21:18:16 IST" duration-ms="34152">
      <class name="com.comcast.crm.contacttest.CreateContactTest">
        <test-method is-config="true" signature="getConnectionWithDB()[pri:0, instance:com.comcast.crm.contacttest.CreateContactTest@682b2fa]" started-at="2024-05-22T21:17:41 IST" name="getConnectionWithDB" finished-at="2024-05-22T21:17:42 IST" duration-ms="540" status="PASS">
          <reporter-output>
          </reporter-output>
        </test-method> <!-- getConnectionWithDB -->
        <test-method is-config="true" signature="toLaunchBrowser()[pri:0, instance:com.comcast.crm.contacttest.CreateContactTest@682b2fa]" started-at="2024-05-22T21:17:42 IST" name="toLaunchBrowser" finished-at="2024-05-22T21:17:46 IST" duration-ms="4011" status="PASS">
          <reporter-output>
          </reporter-output>
        </test-method> <!-- toLaunchBrowser -->
        <test-method is-config="true" signature="tologintoapp()[pri:0, instance:com.comcast.crm.contacttest.CreateContactTest@682b2fa]" started-at="2024-05-22T21:17:46 IST" name="tologintoapp" finished-at="2024-05-22T21:17:54 IST" duration-ms="8311" status="PASS">
          <reporter-output>
          </reporter-output>
        </test-method> <!-- tologintoapp -->
        <test-method signature="createContactTest()[pri:0, instance:com.comcast.crm.contacttest.CreateContactTest@682b2fa]" started-at="2024-05-22T21:17:54 IST" name="createContactTest" finished-at="2024-05-22T21:18:12 IST" duration-ms="17426" status="PASS">
          <reporter-output>
          </reporter-output>
        </test-method> <!-- createContactTest -->
        <test-method is-config="true" signature="logoutofapp()[pri:0, instance:com.comcast.crm.contacttest.CreateContactTest@682b2fa]" started-at="2024-05-22T21:18:12 IST" name="logoutofapp" finished-at="2024-05-22T21:18:15 IST" duration-ms="3657" status="PASS">
          <reporter-output>
          </reporter-output>
        </test-method> <!-- logoutofapp -->
        <test-method is-config="true" signature="toQuittheBrowser()[pri:0, instance:com.comcast.crm.contacttest.CreateContactTest@682b2fa]" started-at="2024-05-22T21:18:15 IST" name="toQuittheBrowser" finished-at="2024-05-22T21:18:16 IST" duration-ms="616" status="PASS">
          <reporter-output>
          </reporter-output>
        </test-method> <!-- toQuittheBrowser -->
        <test-method is-config="true" signature="closeConnectionWithDB()[pri:0, instance:com.comcast.crm.contacttest.CreateContactTest@682b2fa]" started-at="2024-05-22T21:18:16 IST" name="closeConnectionWithDB" finished-at="2024-05-22T21:18:16 IST" duration-ms="0" status="PASS">
          <reporter-output>
          </reporter-output>
        </test-method> <!-- closeConnectionWithDB -->
      </class> <!-- com.comcast.crm.contacttest.CreateContactTest -->
    </test> <!-- Default test -->
  </suite> <!-- Default suite -->
</testng-results>
